[    0.000000] Initializing cgroup subsys cpuset
[    0.000000] Initializing cgroup subsys cpu[   0.000000] Initializinggrp subsyy cpuacct
[    0.000 Linux version 4.4.0-104-generic (buildd@lgw01-amd64-022) (gcc version 5.4.0 20160609 (Ubuntu 5.4.0-6ubuntu1~16.04.55 ) #127-Ubuntu SMP  on Dec 11 12:16:42 UTC 2017 (Ubuntu 4.4.0-104.127-generic 4.4.98)
[    0.000000] Command line: BOOT_IMAGE=/boot/vmlinuz-4.4.0-104-generic root=LABEL=cloudimg-rootfs ro console=tty1 console=ttyS0
[    0.000000] KERNEL supported cpus:
[    0.000000]   Intel GenuineIntel
[    0.000000]   AMD AuthenticAMD
[    0.000000]   Centaur CentaurHauls
[    0.000000] x86/fpu: xstate_offset[2]:  576, xstate_sizes[2]:  256
[    0.000000] x86/fpu: Supporting XSAVE feature 0x01: 'x87 floating point registers'
[    0.000000] x86/fpu: Supporting XSAVE feature 0x02: 'SSE registers'
[    0.000000] x86/fpu: Supporting XSAVE feature 0x04: 'AVX registers'
[    0.000000] x86/fpu: Enabled xstate features 0x7, context size is 832 bytes, using 'standard' format.
[    0.000000] x86/fpu: Using 'lazy' FPU context switches.
[    0.000000] e820: BIOS-provided physical RAM map:
[    0.000000] BIOS-e820: [mem 0x0000000000000000-0x000000000009fbff] usable
[    0.000000] BIOS-e820: [mem 0x000000000009fc00-0x000000000009ffff] reserved
[    0.000000] BIOS-e820: [mem 0x00000000000f0000-0x00000000000fffff] reserved
[    0.000000] BIOS-e820: [mem 0x0000000000100000-0x000000001ffeffff] usable
[    0.00000 BOS-e820: [mem 0x000000001fff0000-0x000000001fffffff] ACPI data
[    0.000000] BIOS-e820: [mem 0x00000000fec00000-0x00000000fec00fff] reserved
[    0.000000] BIOS-e820: [mem 0x00000000fee00000-0x00000000fee00fff] reserved
[    0.000000] BIOS-e820: [mem 0x00000000fffc0000-0x00000000ffffffff] reserved
[    0.000000] NX (Execute Disable) protection: active
[    0.000000] SMBIOS 2.5 present.
[    0.000000] Hypervisor detected: KVM
[    0.000000] e820: last_pfn = 0x1fff0 max_arch_pfn = 0x400000000
[    0.000000] MTRR: Disabled
[    0.000000] x86/PAT: MTRRs disabled, skipping PAT initialization too.
[    0.000000] CPU MTRRs all blank - virtualized sst.
[    0.000000] x86/PA: nfiguration [-7: WB  WT  UC- UC  WB  WT  UC- UC  
[    0.000000] found SMP MP-table at [mem 0x0009fff0-0x09ff] mapped a [ffff88000009ff
[   0.0000] Scanning 1 areas for low memory corruption
[    0.000000] RAMDISK: [mem 0x1ecdf00-01f769fff]
[    0.000000] ACPI: Early tlehecksum verification disabled
[    0.000000] ACPI: RSDP 0x00000000000E0000 000024 (v02 VBOX  )
[    0.000000] ACPI: XSDT 0x000000001FFF0030 00003C (v01 VBOX   VBOXXSDT 00000001 ASL  00000061)
[    0.000000] ACPI: FACP 0x000000001FFF00F0 0000F4 (v04 VBOX   VBOXFACP 00000001 ASL  00000061)
[    0.000000] ACPI: DSDT 0x000000001FFF0470 0021FF (v02 VBOX   VBOXBIOS 00000002 INTL 20160108)
[    0.000000] ACPI: FACS 0x000000001FFF0200 000040
[    0.000000] ACPI: FACS 0x000000001FFF0200 000040
[    0.000000] ACPI: APIC 0x000000001FFF0240 00005C (v02 VBOX   VBOXAPIC00001 ASL  00000061)
[    0.000000] ACPI: SSDT 0x000000001FFF02A0 0001CC (v01 VBOX   VBOXCPUT 00000002 INTL 20160108)
[    0.000000] No NUMA coigation found
[    0.000000] Faking a node at [mem 0x0000000000000000-0x000000001ffeffff]
[    0.000 NODE_DATA(0) allocated [mem 0x1ffeb000-0x1ffeffff]
[    0.000000] kvm-clock: Using msrs 4b564d01 and 4b564d00
[    0.000000] kvm-clock: cpu 0, msr 0:1ffe3001, primary cpu clock
[    0.000000] kvm-clock: using sched offset of 3258063943 cycles
[    0.000000] clocksource: kvm-clock: mask: 0xffffffffffffffff max_cycles: 0x1cd42e4dffb, max_idle_ns: 881590591483 ns
[    0.000000] Zone ranges:
[    0.000000]   DMA      [mem 0x00000000001000-x0000000000ffffff]
[    0.000000]   DMA32    [mem 0x0000000001000000-0x000000001ffeffff]
[    0.000000]   Normal   empty
[    0.000000]   Device   empty
[    0.000000] Movable zone start for each node
[    0.000000] Early memory node ranges
[    0.000000]   node   0: [mem 0x0000000000001000-0x000000000009efff]
[    0.000000]   node   0: [mem 0x0000000000100000-0x000000001ffeffff]
[    0.000000] Initmem setup node 0 [mem 0x0000000000001000-0x000000001ffeffff]
[    0.000000] ACPI: PM-Timer IO Port: 0x4008
[    0.000000] IOAPIC[0]: apic_id 2, version 32, address 0xfec00000, GSI 0-23
[    0.000000] ACPI: INT_SRC_OVR (bus 0 bus_irq 0 global_irq 2 dfl dfl)
[    0.000000] ACPI: INT_SRC_OVR (bus 0 bus_irq 9 global_irq 9 low level)
[    0.000000] Using ACPI (MADT) for SMP configuration information
[    0.000000] smpboot: Allowing 2 CPUs, 0 hotplug CPUs
[    0.000000] PM: Registered nosave memory: [mem 0x00000000-0x00000fff]
[    0.000000] PM: Registered nosave memory: [mem 0x0009f000-0x0009ffff]
[    0.000000] PM: Registered nosave memory: [mem 0x000a0000-0x000effff]
[    0.000000] PM: Registered nosave memory: [mem 0x000f0000-0x000fffff]
[    0.000000] e820: [mem 0x20000000-0xfebfffff] available for PCI devices
[    0.000000] Booting paravirtualized kernel on KVM
[    0.000000] clocksource: refined-jiffies: mask: 0xffffffff max_cycles: 0xffffffff, max_idle_ns: 7645519600211568 ns
[    0.000000] setup_percpu: NR_CPUS:512 nr_cpumask_bits:512 nr_cpu_ids:2 nr_node_ids:1
[    0.000000] PERCPU: Embedded 33 pages/cpu @ffff88001fc00000 s98200 r8192 d28776 u1048576
[    0.000000] PV qspinlock hash table entries: 256 (order: 0, 4096 bytes)
[    0.000000] Built 1 zonelists in Node order, mobility grouping on.  Total pages: 128889
[    0.000000] Policy zone: DMA32
[    0.000000] Kernel command line: BOOT_IMAGE=/boot/vmlinuz-4.4.0-104-generic rotABEL=cloudimg-rootfs ro console=tty1 console=ttyS0
[    0.000000] PID hash table entries: 2048 (order: 2, 16384 bytes)
[    0.000000] Memory: 485696K/523832K available (8485K kernel code, 1295K rwdata, 3988K rodata, 1492K init, 1316K bss, 38136K reserved, 0K cma-reserved)
[    .000000] SLUB: HWalign=64, Order=0-3, MinObjects=0, CPUs=2, Nodes=1
[    0.000000] Hierarchical RCU implementation.
[    0.000000] 	Build-time adjustment of leaf fanout to 64.
[    0.000000] 	RCU restricting CPUs from NR_CPUS=512 to nr_cpu_ids=2.
[    0.000000] RCU: Adjusting geometry for rcu_fanout_leaf=64, nr_cpu_ids=2
[    0.000000] NR_IRQS:33024 nr_irqs:440 16
[    0.000000] Console: colour VGA+ 80x25
[    0.000000] console [tty1] enabled
[    0.000000] console [ttyS0] enabled
[    0.000000] tsc: Detected 2491.900 MHz processor
[    5.408791] Calibrating delay loop (skipped) preset value.. 4983.80 BogoMIPS (lpj=9967600)
[    5.506813] pid_max: default: 32768 minimum: 301
[    5.509446] ACPI: Core revision 20150930
[    5.512215] ACPI: 2 ACPI AML tables successfully acquired and loaded
[    5.537286] Security Framework initialized
[    5.538494] Yama: becoming mindful.
[    5.576483] AppArmor: AppArmor initialized
[    5.577300] Dentry cache hash table entries: 65536 (order: 7, 524288 bytes)
[    5.578475] Inode-cache hash table entries: 32768 (order: 6, 262144 bytes)
[    5.579597] Mount-cache hash table entries: 1024 (order: 1, 8192 bytes)
[    5.672686] Mountpoint-cache hash table entries: 1024 (order: 1, 8192 bytes)
[    5.734759] Initializing cgroup subsys io
[    5.753828] Initializing cgroup subsys memory
[    5.773519] Initializing cgroup subsys devices
[    5.774311] Initializing cgroup subsys freezer
[    5.775100] Initializing cgroup subsys net_cls
[    5.775905] Initializing cgroup subsys perf_event
[    5.841800] Initializing cgroup subsys net_prio
[    5.897927] Initializing cgroup subsys hugetlb
[    5.964952] Initializing cgroup subsys pids
[    6.040827] CPU: Physical Processor ID: 0
[    6.083390] CPU: Processor Core ID: 0
[    6.143667] mce: CPU supports 0 MCE banks
[    6.204367] Last level iTLB entries: 4KB 512, 2MB 8, 4MB 8
[    6.263391] Last level dTLB entries: 4KB 512, 2MB 32, 4MB 32, 1GB 0
[    6.266504] Freeing SMP alternatives memory: 32K
[    6.352013] ftrace: allocating 32158 entries in 126 pages
[    6.484916] smpboot: APIC(0) Converting physical 0 to logical package 0
[    6.588732] smpboot: Max logical packages: 1
[    6.590609] x2apic enabled
[    6.592953] Switched APIC routing to physical x2apic.
[    6.595236] ..TIMER: vector=0x30 apic1=0 pin1=2 apic2=-1 pin2=-1
[    6.708290] smpboot: CPU0: Intel(R) Core(TM) i5-2520M CPU @ 2.50GHz (family: 0x6, model: 0x2a, stepping: 0x7)
[    6.725170] Performance Events: unsupported p6 CPU model 42 no PMU driver, software events only.
[    6.727279] KVM setup paravirtual spinlock
[    6.730007] x86: Booting SMP configuration:
[    6.733956] .... node  #0, CPUs:      #1
[    6.735006] kvm-clock: cpu 1, msr 0:1ffe3041, secondary cpu clock
[    6.741080] mce: CPU supports 0 MCE banks
[    6.745099] x86: Booted up 1 node, 2 CPUs
[    6.746333] smpboot: Total of 2 processors activated (9967.60 BogoMIPS)
[    6.748090] devtmpfs: initialized
[    6.751460] evm: security.selinux
[    6.752331] evm: security.SMACK64
[    6.753165] evm: security.SMACK64EXEC
[    6.754046] evm: security.SMACK64TRANSMUTE
[    6.754999] evm: security.SMACK64MMAP
[    6.755891] evm: security.ima
[    6.756681] evm: security.capability
[    6.757743] clocksource: jiffies: mask: 0xffffffff max_cycles: 0xffffffff, max_idle_ns: 7645041785100000 ns
[    6.759893] futex hash table entries: 512 (order: 3, 32768 bytes)
[    6.781272] pinctrl core: initialized pinctrl subsystem
[    6.797235] RTC time: 14:05:49, date: 01/07/18
[    6.798463] NET: Registered protocol family 16
[    6.808176] cpuidle: using governor ladder
[    6.820473] cpuidle: using governor menu
[    6.827741] PCCT header not found.
[    6.829718] ACPI: bus type PCI registered
[    6.831755] acpiphp: ACPI Hot Plug PCI Controller Driver version: 0.5
[    6.836386] PCI: Using configuration type 1 for base access
[    6.853291] ACPI: Added _OSI(Module Device)
[    6.859837] ACPI: Added _OSI(Processor Device)
[    6.886256] ACPI: Added _OSI(3.0 _SCP Extensions)
[    6.887353] ACPI: Added _OSI(Processor Aggregator Device)
[    6.889286] ACPI: Executed 1 blocks of module-level executable AML code
[    7.006143] ACPI: Interpreter enabled
[    7.066407] ACPI: (supports S0 S5)
[    7.127590] ACPI: Using IOAPIC for interrupt routing
[    7.220249] PCI: Using host bridge windows from ACPI; if necessary, use "pci=nocrs" and report a bug
[    7.393573] ACPI: PCI Root Bridge [PCI0] (domain 0000 [bus 00-ff])
[    7.506582] acpi PNP0A03:00: _OSC: OS supports [ASPM ClockPM Segments MSI]
[    7.572631] acpi PNP0A03:00: _OSC: not requesting OS control; OS requires [ExtendedConfig ASPM ClockPM MSI]
[    7.574745] acpi PNP0A03:00: fail to add MMCONFIG information, can't access extended PCI configuration space under this bridge.
[    7.577462] PCI host bridge to bus 0000:00
[    7.578418] pci_bus 0000:00: root bus resource [io  0x0000-0x0cf7 window]
[    7.579829] pci_bus 0000:00: root bus resource [io  0x0d00-0xffff window]
[    7.581258] pci_bus 0000:00: root bus resource [mem 0x000a0000-0x000bffff window]
[    7.582970] pci_bus 0000:00: root bus resource [mem 0x20000000-0xfdffffff window]
[    7.589913] pci_bus 0000:00: root bus resource [bus 00-ff]
[    7.592449] pci 0000:00:01.1: legacy IDE quirk: reg 0x10: [io  0x01f0-0x01f7]
[    7.594958] pci 0000:00:01.1: legacy IDE quirk: reg 0x14: [io  0x03f6]
[    7.598393] pci 0000:00:01.1: legacy IDE quirk: reg 0x18: [io  0x0170-0x0177]
[    7.599861] pci 0000:00:01.1: legacy IDE quirk: reg 0x1c: [io  0x0376]
[    7.614938] pci 0000:00:07.0: quirk: [io  0x4000-0x403f] claimed by PIIX4 ACPI
[    7.624575] pci 0000:00:07.0: quirk: [io  0x4100-0x410f] claimed by PIIX4 SMB
[    7.631865] ACPI: PCI Interrupt Link [LNKA] (IRQs 5 9 10 *11)
[    7.648647] ACPI: PCI Interrupt Link [LNKB] (IRQs 5 9 *10 11)
[    7.657960] ACPI: PCI Interrupt Link [LNKC] (IRQs 5 *9 10 11)
[    7.659738] ACPI: PCI Interrupt Link [LNKD] (IRQs 5 9 10 *11)
[    7.676194] ACPI: Enabled 2 GPEs in block 00 to 07
[    7.730227] vgaarb: setting as boot device: PCI:0000:00:02.0
[    7.784139] vgaarb: device added: PCI:0000:00:02.0,decodes=io+mem,owns=io+mem,locks=none
[    7.786060] vgaarb: loaded
[    7.786795] vgaarb: bridge control possible 0000:00:02.0
[    7.788348] SCSI subsystem initialized
[    7.842001] ACPI: bus type USB registered
[    7.899253] usbcore: registered new interface driver usbfs
[    7.976006] usbcore: registered new interface driver hub
[    8.048390] usbcore: registered new device driver usb
[    8.106198] PCI: Using ACPI for IRQ routing
[    8.144548] NetLabel: Initializing
[    8.145530] NetLabel:  domain hash size = 128
[    8.148491] NetLabel:  protocols = UNLABELED CIPSOv4
[    8.184231] NetLabel:  unlabeled traffic allowed by default
[    8.247497] amd_nb: Cannot enumerate AMD northbridges
[    8.323244] clocksource: Switched to clocksource kvm-clock
[    8.36534Aprm: pAorilystem Enabled
[    8.753738] pnp: PnP ACPI init
[    8.756028] pnp: PnP ACPI: found 3 devices
[  8706] clocksource: acpi_pm: mask: 0xffffff max_cycles: 0xffffff, max_idle_ns: 2085701024 ns
  9.45] T:egted otolamly2
[    9.732312] TCP established hash table entries: 4096 (order: 3, 32768 bytes)
[   9434]CPinha tlentes40 (de 46536yt)  10.648392] TCP: Hash tablls configured (established 4096 bind 4096)
[   10.863380] UDP hash table entries: 256 (order: 1, 8192 bytes)
[  18643UDLi hh blenie 2 (de 181 bes
[ 11663225] NET: Registered protoco fil1  1.39744] pci 0000:00:00.0: Limiting direct PCI/PCI transfers
[ 12083578] pci 0000:00:01.0: Activating ISA DMA hang workarounds

[   12.155662] Unpacking initramfs...
[   13.914212] Freeing initrd memory: 10796K
[   13.986897] RAPL PMU detected, API unit is 2^-32 Joules, 3 fixed counters 10737418240 ms ovfl timer
[   14.114310] hw unit of domain pp0-core 2^-0 Joules
[   14.158969] hw unit of domain package 2^-0 Joules
[   14.165610] hw unit of domain pp1-gpu 2^-0 Joules
[   14.203163] platform rtc_cmos: registered platform RTC device (no PNP device found)
[   14.214399] Scanning for low memory corruption every 60 seconds
[   14.216068] audit: initializing netlink subsys (disabled)
[   14.222963] audit: type=2000 audit(1515333953.516:1): initialized
[   14.233829] Initialise system trusted keyring
[   14.235202] HugeTLB registered 2 MB page size, pre-allocated 0 pages
[   14.245347] zbud: loaded
[   14.250456] VFS: Disk quotas dquot_6.6.0
[   14.251797] VFS: Dquot-cache hash table entries: 512 (order 0, 4096 bytes)
[   14.253530] squashfs: version 4.0 (2009/01/31) Phillip Lougher
[   14.255097] fuse init (API version 7.23)
[   14.262992] Key type big_key registered
[   14.270676] Allocating IMA MOK and blacklist keyrings.
[   14.273348] Key type asymmetric registered
[   14.277712] Asymmetric key parser 'x509' registered
[   14.278843] Block layer SCSI generic (bsg) driver version 0.4 loaded (major 249)
[   14.283776] io scheduler noop registered
[   14.290817] io scheduler deadline registered (default)
[   14.292025] io scheduler cfq registered
[   14.293072] pci_hotplug: PCI Hot Plug PCI Core version: 0.5
[   14.294270] pciehp: PCI Express Hot Plug Controller Driver version: 0.4
[   14.295830] ACPI: AC Adapter [AC] (on-line)
[   14.302898] input: Power Button as /devices/LNXSYSTM:00/LNXPWRBN:00/input/input0
[   14.304664] ACPI: Power Button [PWRF]
[   14.305602] input: Sleep Button as /devices/LNXSYSTM:00/LNXSLPBN:00/input/input1
[   14.307324] ACPI: Sleep Button [SLPF]
[   14.323678] GHES: HEST is not enabled!
[   14.333297] ACPI: Battery Slot [BAT0] (battery present)
[   14.351458] Serial: 8250/16550 driver, 32 ports, IRQ sharing enabled
[   14.380389] 00:02: ttyS0 at I/O 0x3f8 (irq = 4, base_baud = 115200) is a 16550A
[   14.386641] Linux agpgart interface v0.103
[   14.395176] loop: module loaded
[   14.404033] scsi host0: ata_piix
[   14.410628] scsi host1: ata_piix
[   14.412660] ata1: PATA max UDMA/33 cmd 0x1f0 ctl 0x3f6 bmdma 0xd000 irq 14
[   14.414088] ata2: PATA max UDMA/33 cmd 0x170 ctl 0x376 bmdma 0xd008 irq 15
[   14.415651] libphy: Fixed MDIO Bus: probed
[   14.422376] tun: Universal TUN/TAP device driver, 1.6
[   14.424751] tun: (C) 1999-2004 Max Krasnyansky <maxk@qualcomm.com>
[   14.426118] PPP generic driver version 2.4.2
[   14.427178] ehci_hcd: USB 2.0 'Enhanced' Host Controller (EHCI) Driver
[   14.443195] ehci-pci: EHCI PCI platform driver
[   14.444301] ehci-platform: EHCI generic platform driver
[   14.445465] ohci_hcd: USB 1.1 'Open' Host Controller (OHCI) Driver
[   14.446788] ohci-pci: OHCI PCI platform driver
[   14.447849] ohci-platform: OHCI generic platform driver
[   14.448989] uhci_hcd: USB Universal Host Controller Interface driver
[   14.450379] i8042: PNP: PS/2 Controller [PNP0303:PS2K,PNP0f03:PS2M] at 0x60,0x64 irq 1,12
[   14.454314] serio: i8042 KBD port at 0x60,0x64 irq 1
[   14.455847] serio: i8042 AUX port at 0x60,0x64 irq 12
[   14.462091] mousedev: PS/2 mouse device common for all mice
[   14.465083] rtc_cmos rtc_cmos: rtc core: registered rtc_cmos as rtc0
[   14.469212] rtc_cmos rtc_cmos: alarms up to one day, 114 bytes nvram
[   14.472547] i2c /dev entries driver
[   14.473453] input: AT Translated Set 2 keyboard as /devices/platform/i8042/serio0/input/input2
[   14.475631] device-mapper: uevent: version 1.0.3
[   14.484386] device-mapper: ioctl: 4.34.0-ioctl (2015-10-28) initialised: dm-devel@redhat.com
[   14.486282] ledtrig-cpu: registered to indicate activity on CPUs
[   14.488055] NET: Registered protocol family 10
[   14.493793] NET: Registered protocol family 17
[   14.495902] Key type dns_resolver registered
[   14.497207] microcode: CPU0 sig=0x206a7, pf=0x10, revision=0x0
[   14.501232] microcode: CPU1 sig=0x206a7, pf=0x10, revision=0x0
[   14.502527] microcode: Microcode Update Driver: v2.01 <tigran@aivazian.fsnet.co.uk>, Peter Oruba
[   14.504718] registered taskstats version 1
[   14.510277] Loading compiled-in X.509 certificates
[   14.512170] Loaded X.509 cert 'Build time autogenerated kernel key: 8537ad706776f532219d7336343c968b9f82f7c7'
[   14.521007] zswap: loaded using pool lzo/zbud
[   14.524332] Key type trusted registered
[   14.539082] Key type encrypted registered
[   14.556431] AppArmor: AppArmor sha1 policy hashing enabled
[   14.557635] ima: No TPM chip found, activating TPM-bypass!
[   14.558842] evm: HMAC attrs: 0x1
[   14.560129]   Magic number: 2:491:80
[   14.563538] rtc_cmos rtc_cmos: setting system clock to 2018-01-07 14:05:56 UTC (1515333956)
[   14.572239] BIOS EDD facility v0.16 2004-Jun-25, 0 devices found
[   14.578769] EDD information not available.
[   14.581303] Freeing unused kernel memory: 1492K
[   14.603680] Write protecting the kernel read-only data: 14336k
[   14.611996] Freeing unused kernel memory: 1744K
[   14.624008] Freeing unused kernel memory: 108K
Loading, please wait...
starting version[   14.648362] random: systemd-udevd: uninitialized urandom read (16 bytes read, 2 bits of entropy available)
 229
[   14.649038] random: udevadm: uninitialized urandom read (16 bytes read, 2 bits of entropy available)
[   14.649059] random: udevadm: uninitialized urandom read (16 bytes read, 2 bits of entropy available)
[   14.657996] random: udevadm: uninitialized urandom read (16 bytes read, 2 bits of entropy available)
[   14.658038] random: udevadm: uninitialized urandom read (16 bytes read, 2 bits of entropy available)
[   14.658169] random: udevadm: uninitialized urandom read (16 bytes read, 2 bits of entropy available)
[   14.658220] random: udevadm: uninitialized urandom read (16 bytes read, 2 bits of entropy available)
[   14.658273] random: udevadm: uninitialized urandom read (16 bytes read, 2 bits of entropy available)
[   14.658323] random: udevadm: uninitialized urandom read (16 bytes read, 2 bits of entropy available)
[   14.658375] random: udevadm: uninitialized urandom read (16 bytes read, 2 bits of entropy available)
[   15.356435] tsc: Refined TSC clocksource calibration: 2493.918 MHz
[   15.356438] clocksource: tsc: mask: 0xffffffffffffffff max_cycles: 0x23f2c89ae6e, max_idle_ns: 440795297636 ns
[   16.741737] e1000: Intel(R) PRO/1000 Network Driver - version 7.3.21-k8-NAPI
[   16.757358] e1000: Copyright (c) 1999-2006 Intel Corporation.
[   16.776090] Fusion MPT base driver 3.04.20
[   16.795808] Copyright (c) 1999-2008 LSI Corporation
[   16.955166] AVX version of gcm_enc/dec engaged.
[   16.967824] AES CTR mode by8 optimization enabled
[   16.976370] input: ImExPS/2 Generic Explorer Mouse as /devices/platform/i8042/serio1/input/input4
[   16.985938] Fusion MPT SPI Host driver 3.04.20
[   17.290534] e1000 0000:00:03.0 eth0: (PCI:33MHz:32-bit) 02:06:a9:f4:72:f7
[   17.367215] e1000 0000:00:03.0 eth0: Intel(R) PRO/1000 Network Connection
[   17.371214] mptbase: ioc0: Initiating bringup
[   17.371937] e1000 0000:00:03.0 enp0s3: renamed from eth0
[   17.483457] ioc0: LSI53C1030 A0: Capabilities={Initiator}
[   19.046781] scsi host2: ioc0: LSI53C1030 A0, FwRev=00000000h, Ports=1, MaxQ=256, IRQ=20
[   19.623546] scsi 2:0:0:0: Direct-Access     VBOX     HARDDISK         1.0  PQ: 0 ANSI: 5
[   19.719987] scsi target2:0:0: Beginning Domain Validation
[   19.806999] floppy0: no floppy controllers found
[   19.939452] scsi target2:0:0: Domain Validation skipping write tests
[   19.953755] scsi target2:0:0: Ending Domain Validation
[   19.955017] scsi target2:0:0: asynchronous
[   19.966350] scsi 2:0:1:0: Direct-Access     VBOX     HARDDISK         1.0  PQ: 0 ANSI: 5
[   19.969739] scsi target2:0:1: Beginning Domain Validation
[   19.972482] scsi target2:0:1: Domain Validation skipping write tests
[   19.978291] scsi target2:0:1: Ending Domain Validation
[   19.979507] scsi target2:0:1: asynchronous
[   19.985811] sd 2:0:0:0: Attached scsi generic sg0 type 0
[   19.989703] sd 2:0:0:0: [sda] 20971520 512-byte logical blocks: (10.7 GB/10.0 GiB)
[   19.993454] sd 2:0:0:0: [sda] Write Protect is off
[   19.998117] sd 2:0:1:0: [sdb] 20480 512-byte logical blocks: (10.5 MB/10.0 MiB)
[   19.998176] sd 2:0:1:0: Attached scsi generic sg1 type 0
[   20.058413] sd 2:0:0:0: [sda] Incomplete mode parameter data
[   20.058489] sd 2:0:1:0: [sdb] Write Protect is off
[   20.058574] sd 2:0:1:0: [sdb] Incomplete mode parameter data
[   20.058575] sd 2:0:1:0: [sdb] Assuming drive cache: write through
[   20.082527] sd 2:0:0:0: [sda] Assuming drive cache: write through
[   20.162139]  sda: sda1
[   20.164730] sd 2:0:1:0: [sdb] Attached SCSI disk
[   20.178042] sd 2:0:0:0: [sda] Attached SCSI disk
Begin: Loading e[   21.595971] md: linear personality registered for level -1
ssential drivers[   21.710085] md: multipath personality registered for level -4
 ... [   21.765504] md: raid0 personality registered for level 0
[   21.815964] md: raid1 personality registered for level 1
[   21.915274] raid6: sse2x1   gen()  8029 MB/s
[   22.007269] raid6: sse2x1   xor()  6366 MB/s
[   22.232391] raid6: sse2x2   gen() 11122 MB/s
[   22.332320] raid6: sse2x2   xor()  7909 MB/s
[   22.679615] raid6: sse2x4   gen() 11884 MB/s
[   23.032279] raid6: sse2x4   xor()  9612 MB/s
[   23.212657] raid6: using algorithm sse2x4 gen() 11884 MB/s
[   23.599628] raid6: .... xor() 9612 MB/s, rmw enabled
[   23.983845] raid6: using ssse3x2 recovery algorithm
[   23.986624] xor: automatically using best checksumming function:
[   24.039271]    avx       : 17411.000 MB/sec
[   24.047189] async_tx: api initialized (async)
[   24.081332] md: raid6 personality registered for level 6
[   24.262869] md: raid5 personality registered for level 5
[   24.302917] md: raid4 personality registered for level 4
[   24.349019] md: raid10 personality registered for level 10
done.
Begin: Running /scripts/init-premount ... done[   24.482832] Btrfs loaded
.
Begin: Mounting root file system ... Begin: Running /scripts/local-top ... done.
Begin: Running /scripts/local-premount ... Scanning for Btrfs filesystems
done.
Warning: fsck not present, so skipping root file system
[   24.614453] EXT4-fs (sda1): mounted filesystem with ordered data mode. Opts: (null)
done.
Begin: Running /scripts/local-bottom ... done.
Begin: Running /scripts/init-bottom ... done.
[   25.940314] systemd[1]: systemd 229 running in system mode. (+PAM +AUDIT +SELINUX +IMA +APPARMOR +SMACK +SYSVINIT +UTMP +LIBCRYPTSETUP +GCRYPT +GNUTLS +ACL +XZ -LZ4 +SECCOMP +BLKID +ELFUTILS +KMOD -IDN)
[   25.957204] systemd[1]: Detected virtuliti ocl.
[   26.149048] systemd[1]: Detected architecture x86-64.

Welcome to [1mUbuntu 16.04.3 LTS[0m!

[  26.409431] random: nonblocking pool is initialized
[   26.441785] systemd[1]:ethotnme to <ubuntu>.
[ 267249] systemd[1]: Initializing machine ID from random geeror

[   .986 ste[1 Italled transient /etc/machine-id file.

[ 28805]ysmd1]: Set up automount Arbitrary Executable File Formats File System Automount Point.
[[0;32m  OK  [0m] Set up automount Arbitrary Executab...ats File System Automount Point.
[   29.816292] systemd[1]: ListeningondeinctCoatily mePi.
[[0;32m  OK  [0m] Listening on /dev/initctl Compatibility Named Pipe.
[   0.00] std[]: Listening on Device-mapper event daemon FIFOs.
[[0;32m  OK  [0m] Listening on Device-mapper event daemon FIFOs.
[  3731308] systemd[1]: Listening on Journal Socket.
[[0;32m  OK  [0m] Listening on Journal Socket.
[  30.802347] systemd[1]: Started Forward Password Requests to Wall Directory Watch.
[[0;32m  OK  [0m] Started Forward Password Requests to Wall Directory Watch.
[   31.748313] systemd[1]: Listening on LVM2 poll daemon socket.
[[0;32m  OK  [0m] Listening on LVM2 poll daemon socket.
[  3094139] systemd[1]: Listening on Syslog Socket.
[[0;32m  OK  [0m] Listening on Syslog Socket.
[   32.368105] systemd[1]: Reached target Encrypted Volumes.
[[0;32m  OK  [0m] Reached target Encrypted Volumes.
[   32.384812] systemd[1]: Reached target User and Group Name Lookups.
[[0;32m  OK  [0m] Reached target User and Group Name Lookups.
[   32.392667] systemd[1]: Listening on udev Control Socket.
[[0;32m  OK  [0m] Listening on udev Control Socket.
[   32.395813] systemd[1]: Created slice System Slice.
[[0;32m  OK  [0m] Created slice System Slice.
[   32.407475] systemd[1]: Starting Nameserver information manager...
         Starting Nameserver information manager...
[   32.418201] systemd[1]: Starting Set console keymap...
         Starting Set console keymap...
[   32.507985] systemd[1]: Starting Remount Root and Kernel File Systems...
         Starting Remount[   32.656177] EXT4-fs (sda1): re-mounted. Opts: (null)
 Root and Kernel File Systems...
[   32.687367] systemd[1]: Created slice system-serial\x2dgetty.slice.
[[0;32m  OK  [0m] Created slice system-serial\x2dgetty.slice.
[   32.755792] systemd[1]: Mounting Debug File System...
         Mounting Debug File System...
[   32.860136] systemd[1]: Starting Load Kernel Modules...
[   33.028181] Loading iSCSI transport class v2.0-870.
         Starting Load Kernel Mo[   33.141373] iscsi: registered transport (tcp)
dules...
[   33.295630] systemd[1]: Mounting Huge Pages File System...
         Mounting Huge Pages File System...
[   33.400481] systemd[1]: Starting Create list of required static device nodes for the current kernel...
         Starting Create list of required st... nodes for the current kernel...
[   33.416880] systemd[1]: Reached target Swap.
[[0;32m  OK  [0m] Reached target Swap.
[   33.425180] systemd[1]: Created slice User and Session Slice.
[[0;32m  OK  [0m] Created slice User and Session Slice.
[   33.428710] systemd[1]: Reached target Slices.
[[0;32m  OK  [0m] Reached target Slices.
[   33.441521] systemd[1]: Listening on Journal Socket (/dev/log).
[[0;32m  OK  [0m] Listening on [   33.477751] iscsi: registered transport (iser)
Journal Socket (/dev/log).
[   33.762933] systemd[1]: Started Trigger resolvconf update for networkd DNS.
[[0;32m  OK  [0m] Started Trigger resolvconf update for networkd DNS.
[   33.787649] systemd[1]: Mounting POSIX Message Queue File System...
         Mounting POSIX Message Queue File System...
[   33.839680] systemd[1]: Starting Uncomplicated firewall...
         Starting Uncomplicated firewall...
[   33.927842] systemd[1]: Listening on udev Kernel Socket.
[[0;32m  OK  [0m] Listening on udev Kernel Socket.
[   34.111646] systemd[1]: Listening on Journal Audit Socket.
[[0;32m  OK  [0m] Listening on Journal Audit Socket.
[   34.347531] systemd[1]: Starting Journal Service...
         Starting Journal Service...
[   34.455060] systemd[1]: Listening on LVM2 metadata daemon socket.
[[0;32m  OK  [0m] Listening on LVM2 metadata daemon socket.
[   34.459923] systemd[1]: Starting Monitoring of LVM2 mirrors, snapshots etc. using dmeventd or progress polling...
         Starting Monitoring of LVM2 mirrors... dmeventd or progress polling...
[   34.933178] systemd[1]: Mounted POSIX Message Queue File System.
[[0;32m  OK  [0m] Mounted POSIX Message Queue File System.
[   34.955779] systemd[1]: Mounted Debug File System.
[[0;32m  OK  [0m] Mounted Debug File System.
[   35.014116] systemd[1]: Mounted Huge Pages File System.
[[0;32m  OK  [0m] Mounted Huge Pages File System.
[   35.020071] systemd[1]: Started Journal Service.
[[0;32m  OK  [0m] Started Journal Service.
[[0;32m  OK  [0m] Started Set console keymap.
[[0;32m  OK  [0m] Started Remount Root and Kernel File Systems.
[[0;32m  OK  [0m] Started Load Kernel Modules.
[[0;32m  OK  [0m] Started Creatt list of required sta...ce nodes for the current kernel.
[[0;32m  OK  [0m] Started Uncomplicated firewall.
[[0;32m  OK  [0m] Started Nameserver information manager.
[[0;32m  OK  [0m] Started LVM2 metadata daemon.
         Starting Create Static Device Nodes in /dev...
         Starting Apply Kernel Variables...
         Mounting FUSE Control File System...
         Starting udev Coldplug all Devices...
         Starting Load/Save Random Seed...
         Starting Initial cloud-init job (pre-networking)...
         Starting Flush Journal to Persistent Storage...
[[0;32m  OK  [0m] Mounted FUSE Control File System.
[[0;32m  OK  [0m] Started Apply Kernel Variables.
[[0;32m  OK  [0m] Started Load/Save Random Seed.
[[0;32m  OK  [0m] Started Flush Journal to Persistent Storage.
[[0;32m  OK  [0m] Started udev Coldplug all Devices.
[[0;32m  OK  [0m] Started Monitoring of LVM2 mirrors,...ng dmeventd or progress polling.
[[0;32m  OK  [0m] Started Create Static Device Nodes in /dev.
         Starting udev Kernel Device Manager...
[[0;32m  OK  [0m] Started udev Kernel Device Manager.
[[0;32m  OK  [0m] Reached target Local File Systems (Pre).
[[0;32m  OK  [0m] Reached target Local File Systems.
         Starting Tell Plymouth To Write Out Runtime Data...
         Starting Set console font and keymap...
         Starting LSB: AppArmor initialization...
         Starting Create Volatile Files and Directories...
         Starting Commit a transient machine-id on disk...
[[0;32m  OK  [0m] Started Dispatch Password Requests to Console Directory Watch.
[[0;32m  OK  [0m] Started Tell Plymouth To Write Out Runtime Data.
[[0;32m  OK  [0m] Found device /dev/ttyS0.
[[0;32m  OK  [0m] Started Commit a transient machine-id on disk.
[[0;32m  OK  [0m] Started Create Volatile Files and Directories.
         Starting Update UTMP about System Boot/Shutdown...
[[0;32m  OK  [0m] Reached target System Time Synchronized.
[[0;32m  OK  [0m] Started Update UTMP about System Boot/Shutdown.
[[0;32m  OK  [0m] Listening on Load/Save RF Kill Switch Status /dev/rfkill Watch.
[[0;32m  OK  [0m] Started Set console font and keymap.
[[0;32m  OK  [0m] Created slice system-getty.slice.
[[0;32m  OK  [0m] Started LSB: AppArmor initialization.
[   33.731340] cloud-init[451]: Cloud-init v. 17.1 running 'init-local' at Sun, 07 Jan 2018 14:06:22 +0000. Up 33.11 seconds.
[[0;32m  OK  [0m] Started Initial cloud-init job (pre-networking).
[[0;32m  OK  [0m] Reached target Network (Pre).
         Starting Raise network interfaces...
[[0;32m  OK  [0m] Started Raise network interfaces.
[[0;32m  OK  [0m] Reached target Network.
         Starting Initial cloud-init job (metadata service crawler)...
[   36.711488] cloud-init[939]: Cloud-init v. 17.1 running 'init' at Sun, 07 Jan 2018 14:06:24 +0000. Up 34.69 seconds.
[   36.821348] cloud-init[939]: ci-info: +++++++++++++++++++++++++++++++++++++Net device info+++++++++++++++++++++++++++++++++++++
[   36.821615] cloud-init[939]: ci-info: +--------+------+---------------------------+---------------+-------+-------------------+
[[0;32m  OK  [0m] Started Initial cloud-init job (metadata service crawler).
[   36.821756] cloud-init[939]: ci-info: | Device |  Up  |          Address          |      Mask     | Scope |     Hw-Address    |
[   37.060364] cloud-init[939]: ci-info: +--------+------+---------------------------+---------------+-------+-------------------+
[   37.060738] cloud-init[939]: ci-info: | enp0s3 | True |         10.0.2.15         | 255.255.255.0 |   .   | 02:06:a9:f4:72:f7 |
[[0;32m  OK  [0m] Reached target System Initialization.
[   37.060944] cloud-init[939]: ci-info: | enp0s3 | True | fe80::6:a9ff:fef4:72f7/64 |       .       |  link | 02:06:a9:f4:72:f7 |
[   37.225459] cloud-init[939]: ci-info: |   lo   | True |         127.0.0.1         |   255.0.0.0   |   .   |         .         |
[[0;32m  OK  [0m] Listening on D-Bus System Message Bus Socket.
[   37.225573] cloud-init[939]: ci-info: |   lo   | True |          ::1/128          |       .       |  host |         .         |
[   37.318681] cloud-init[939]: ci-info: +--------+------+---------------------------+---------------+-------+-------------------+
[   37.318855] cloud-init[939]: ci-info: +++++++++++++++++++++++++++Route IPv4 info++++++++++++++++++++++++++++
[   37.319082] cloud-init[939]: ci-info: +-------+-------------+----------+---------------+-----------+-------+
[   37.319515] cloud-init[939]: ci-info: | Route | Destination | Gateway  |    Genmask    | Interface | Flags |
[   37.319735] cloud-init[939]: ci-info: +-------+-------------+----------+---------------+-----------+-------+
[   37.319954] cloud-init[939]: ci-info: |   0   |   0.0.0.0   | 10.0.2.2 |    0.0.0.0    |   enp0s3  |   UG  |
[   37.320402] cloud-init[939]: ci-info: |   1   |   10.0.2.0  | 0.0.0.0  | 255.255.255.0 |   enp0s3  |   U   |
[   37.320615] cloud-init[939]: ci-info: +-------+-------------+----------+---------------+-----------+-------+
[   37.320903] cloud-init[939]: Generating public/private rsa key pair.
[   37.321069] cloud-init[939]: Your identification has been saved in /etc/ssh/ssh_host_rsa_key.
[   37.321284] cloud-init[939]: Your public key has been saved in /etc/ssh/ssh_host_rsa_key.pub.
[   37.321501] cloud-init[939]: The key fingerprint is:
[   37.321723] cloud-init[939]: SHA256:rEi5wq7xM10ST0UoyNlveuajJ/ae61i7HQw0e41SsTw root@ubuntu-xenial
[   37.321939] cloud-init[939]: The key's randomart image is:
[   37.322158] cloud-init[939]: +---[RSA 2048]----+
[   37.322589] cloud-init[939]: | . +   oo        |
[   37.322816] cloud-init[939]: |  + o ...o       |
[   37.323043] cloud-init[939]: |     oo.E        |
[[0;32m  OK  [0m] Listening on ACPID Listen Socket.
         [   37.323344] Starting Socket activation for snappy daemon.cloud-init
[939]: |    .o+= +       |
[   37.448394] cloud-init[939]: |    o*+ S .      |
[   37.448776] cloud-init[939]: | . .oo=*         |
[[0;32m  OK  [0m] Listening on UUID daemon activation socket.
[   37.448987] cloud-init[939]: |. o.o*o o        |
[   37.538656] cloud-init[939]: | +o.+o++ .       |
[   37.538942] cloud-init[939]: |..o+oBO+.        |
[[0;32m  OK  [0m] Started ACPI Events Check.
[[   37.539127] cloud-init[939]: +----[SHA256]-----+
[0;32m  OK  [0m] Reached target Paths.
[   37.551725] cloud-init[939]: Generating public/private dsa key pair.
[   37.632865] cloud-init[939]: Your identification has been saved in /etc/ssh/ssh_host_dsa_key.
[   37.633264] cloud-init[939]: Your public key has been saved in /etc/ssh/ssh_host_dsa_key.pub.
         Starting LXD - unix socket.
[   37.633480] cloud-init[939]: The key fingerprint is:
[   37.680912] cloud-init[939]: SHA256:/Bawwmcd8msaHhdIBLHjcupCY5JutT2IcFiMDGGKeUA root@ubuntu-xenial
[[0;32m  OK  [0m] Started Daily Cleanup of Temporary Directories.
[   37.681031] cloud-init[939]: The key's randomart image is:
[   37.808273] cloud-init[939]: +---[DSA 1024]----+
[   37.808530] cloud-init[939]: |+E    oo.        |
[[0;32m  OK  [0m] Started Timer to automatically refresh installed snaps.
[   37.808630] cloud-init[939]: |=o     o         |
[   37.820585] cloud-init[939]: |*o.   o + .      |
[[0;32m  OK  [0m] Reached target Network is Online.
[   37.820778] cloud-init[939]: |.oo  o + B .     |
[   38.063880] cloud-init[939]: | +  . = S =      |
[[0;32m  OK  [0m] Started Daily apt download activities.
[   38.064190] cloud-init[939]: |= =. + + . +     |
[   38.134581] cloud-init[939]: |o=o.=   o *      |
[[0;32m  OK  [0m] Started Daily apt upgrade and clean activities.
[[   38.134724] cloud-init[939]: | +.+ o . B       |
[   38.206065] cloud-init[939]: |.  .. . o        |
[0;32m  OK  [0m] Reached target Timers.
[   38.206312] cloud-init[939]: +----[SHA256]-----+
[   38.268533] cloud-init[939]: Generating public/private ecdsa key pair.
[   38.344329] cloud-init[939]: Your identification has been saved in /etc/ssh/ssh_host_ecdsa_key.
[   38.368361] cloud-init[939]: Your public key has been saved in /etc/ssh/ssh_host_ecdsa_key.pub.
         Starting iSCSI initiator daemon (iscsid)...
[[0;32m  OK  [0m] Reached target Cloud-config availability.
[   38.453786] cloud-init[939]: The key fingerprint is:
[   38.538511] cloud-init[939]: SHA256:kkrXiAn4Cw5wfAOmPbdNK2zXbwA/ZGVqDgxZsgowAkE root@ubuntu-xenial
[   38.548370] cloud-init[939]: The key's randomart image is:
[   38.552264] cloud-init[939]: +---[ECDSA 256]---+
[   38.573859] cloud-init[939]: |OEo oo.   o      |
[   38.576451] cloud-init[939]: |oB ..=   +       |
[[0;32m  OK  [0m] Listening on Socket activation for snappy daemon.
[[0;32m  OK  [0m] Listening on LXD - unix socket.
[   38.582007] cloud-init[939]: |= * = = =        |
[   38.705557] cloud-init[939]: |.+ B B #         |
[   38.748377] cloud-init[939]: |o o O O S        |
[   38.754447] cloud-init[939]: |o. + = . +       |
[   38.760447] cloud-init[939]: | .. .     o      |
[   38.770442] cloud-init[939]: |         .       |
[   38.772960] cloud-init[939]: |                 |
[   38.778881] cloud-init[939]: +----[SHA256]-----+
[   38.784923] cloud-init[939]: Generating public/private ed25519 key pair.
[   38.787730] [[0;32m  OK  [0m] Reached target Sockets.
[[0;32m  OK  [0m] Reached target Basic System.
cloud-init[939]: Your identification has been saved in /etc/ssh/ssh_host_ed25519_key.
[   38.833615] [cloud-init[0;32m  OK  [0m[939]: ] Your public key has been saved in /etc/ssh/ssh_host_ed25519_key.pub.Started FUSE filesystem for LXC.

[   38.834264] cloud-init[939]: The key fingerprint is:
[   38.876335] cloud-init[939]: SHA256:sryWRAv390m96FzqiQrs4ENgrRuLunvF8TwCiJbfsYU root@ubuntu-xenial
[   38.908679]          cloud-initStarting LSB: MD monitoring daemon...[939]: 
The key's randomart image is:
[   38.955426] cloud-init[939]: +--[ED25519 256]--+
[   38.958964]          cloud-initStarting Pollinate to seed the pseudo random number generator...[939]: 
|                 |
[   38.959801] cloud-init[939]: |                 |
[   39.000312]          cloud-initStarting LSB: Record successful boot for GRUB...[939]: 
|....  .          |
[   39.022153] cloud-init[939]: |oo+ +Eo.         |
[   39.076369] [cloud-init[0;32m  OK  [0m[939]: ] |...=.B=oS    .   |Started Regular background program processing daemon.

[[0;32m  OK  [0m] Started Unattended Upgrades Shutdown.
[   39.076806] cloud-init[939]: |  o.==*o. . . .  |
[   39.108869] cloud-init[939]: | . *.o=o . o o.. |
[   39.110338] cloud-init[939]: |. +..ooo   o++.  |
[[0;32m  OK  [0m] Started Deferred execution scheduler.
[   39.117791] cloud-init[939]: |=+  .oo ...o*    |
[   39.196373]          cloud-initStarting Login Service...[939]: 
+----[SHA256]-----+
         Starting System Logging Service...
[[0;32m  OK  [0m] Started ACPI event daemon.
         Starting LXD - container startup/shutdown...
         Starting /etc/rc.local Compatibility...
         Starting Apply the settings specified in cloud-config...
[[0;32m  OK  [0m] Started D-Bus System Message Bus.
         Starting Accounts Service...
         Starting Snappy daemon...
[[0;32m  OK  [0m] Started System Logging Service.
[[0;32m  OK  [0m] Started iSCSI initiator daemon (iscsid).
[[0;32m  OK  [0m] Started /etc/rc.local Compatibility.
[[0;32m  OK  [0m] Started Login Service.
         Starting Login to default iSCSI targets...
[   40.443723] cloud-init[1088]: Generating locales (this might take a while)...
[[0;32m  OK  [0m] Started LSB: Record successful boot for GRUB.
[[0;32m  OK  [0m] Started LSB: MD monitoring daemon.
[[0;32m  OK  [0m] Started Login to default iSCSI targets.
[[0;32m  OK  [0m] Reached target Remote File Systems (Pre).
[[0;32m  OK  [0m] Reached target Remote File Systems.
         Starting LSB: VirtualBox Linux Additions...
         Starting Permit User Sessions...
         Starting LSB: Set the CPU Frequency Scaling governor to "ondemand"...
         Starting LSB: daemon to balance interrupts for SMP systems...
         Starting LSB: automatic crash report generation...
[[0;32m  OK  [0m] Started Permit User Sessions.
[[0;32m  OK  [0m] Started LSB: Set the CPU Frequency Scaling governor to "ondemand".
         Starting Authenticate and Authorize Users to Run Privileged Tasks...
         Starting Terminate Plymouth Boot Screen...
         Starting Hold until boot process finishes up...
[[0;32m  OK  [0m] Started LSB: automatic crash report generation.
[[0;32m  OK  [0m] Started Terminate Plymouth Boot Screen.
[[0;32m  OK  [0m] Started Hold until boot process finishes up.
[[0;32m  OK  [0m] Started LSB: daemon to balance interrupts for SMP systems.
[[0;32m  OK  [0m] Started Getty on tty1.
         Starting Set console scheme...
[[0;32m  OK  [0m] Started Serial Getty on ttyS0.
[[0;32m  OK  [0m] Reached target Login Prompts.
[[0;32m  OK  [0m] Started Set console scheme.
[[0;32m  OK  [0m] Started Authenticate and Authorize Users to Run Privileged Tasks.
[[0;32m  OK  [0m] Started Accounts Service.
[[0;32m  OK  [0m] Started Pollinate to seed the pseudo random number generator.
         Starting OpenBSD Secure Shell server...
[[0;32m  OK  [0m] Started LXD - container startup/shutdown.
[[0;32m  OK  [0m] Started OpenBSD Secure Shell server.
[[0;32m  OK  [0m] Started LSB: VirtualBox Linux Additions.
[   43.164183] cloud-init[1088]:   en_US.UTF-8... done
[   43.174331] cloud-init[1088]: Generation complete.
[[0;32m  OK  [0m] Started Snappy daemon.
[[0;32m  OK  [0m] Reached target Multi-User System.
[[0;32m  OK  [0m] Reached target Graphical Interface.
         Starting Update UTMP about System Runlevel Changes...
[[0;32m  OK  [0m] Started Update UTMP about System Runlevel Changes.
         Stopping OpenBSD Secure Shell server...
[[0;32m  OK  [0m] Stopped OpenBSD Secure Shell server.
         Starting OpenBSD Secure Shell server...
[[0;32m  OK  [0m] Started OpenBSD Secure Shell server.
[[0;32m  OK  [0m] Created slice User Slice of ubuntu.
         Starting User Manager for UID 1000...
[[0;32m  OK  [0m] Started Session 1 of user ubuntu.
[[0;32m  OK  [0m] Started User Manager for UID 1000.
[   46.838109] cloud-init[1088]: Cloud-init v. 17.1 running 'modules:config' at Sun, 07 Jan 2018 14:06:29 +0000. Up 39.68 seconds.
ci-info: no authorized ssh keys fingerprints found for user ubuntu.
<14>Jan  7 14:06:37 ec2: 
<14>Jan  7 14:06:37 ec2: #############################################################
<14>Jan  7 14:06:37 ec2: -----BEGIN SSH HOST KEY FINGERPRINTS-----
<14>Jan  7 14:06:37 ec2: 1024 SHA256:/Bawwmcd8msaHhdIBLHjcupCY5JutT2IcFiMDGGKeUA root@ubuntu-xenial (DSA)
<14>Jan  7 14:06:37 ec2: 256 SHA256:kkrXiAn4Cw5wfAOmPbdNK2zXbwA/ZGVqDgxZsgowAkE root@ubuntu-xenial (ECDSA)
<14>Jan  7 14:06:37 ec2: 256 SHA256:sryWRAv390m96FzqiQrs4ENgrRuLunvF8TwCiJbfsYU root@ubuntu-xenial (ED25519)
<14>Jan  7 14:06:37 ec2: 2048 SHA256:rEi5wq7xM10ST0UoyNlveuajJ/ae61i7HQw0e41SsTw root@ubuntu-xenial (RSA)
<14>Jan  7 14:06:37 ec2: -----END SSH HOST KEY FINGERPRINTS-----
<14>Jan  7 14:06:37 ec2: #############################################################
-----BEGIN SSH HOST KEY KEYS-----
ecdsa-sha2-nistp256 AAAAE2VjZHNhLXNoYTItbmlzdHAyNTYAAAAIbmlzdHAyNTYAAABBBHgPA1qycoswmNmhv5rt1qamiQMeXND7moI+vULLXO11ZLZ0qrnoRywGkJVXTWr3zHRaL9EsHcMCJnRxFJBX3fc= root@ubuntu-xenial
ssh-ed25519 AAAAC3NzaC1lZDI1NTE5AAAAIDAWAyqniuX7zr1ymSBymNKYtLKEynEQcMX3o4PakfuN root@ubuntu-xenial
ssh-rsa AAAAB3NzaC1yc2EAAAADAQABAAABAQDl7xL1028fXpQ8p7ccZYoZortvh+fD1T6rFGMdw2bsXdVGhaLSHPE00t+xi/jpreS0TyZk7m1czP7NBp71uG4pEgClfqbAEbV3Qn1yHoEmomeiQIDePYwaAWHeM9y6y3q7vH3l7X2r9ToJFp/R7ANSWdJKFPycPyaZXTIrFKXYoV6qDUJZw5hcy3cEQBdvAo9M7D7hofjRI1BKceFAt1FV8uLIXt7TX102/wlXdewt+F820rEVHtpS2wf+QfVc5pR6l4BBfl+wRwVQ6pgwhj2EhnpcW0Kpoj1aILOWNqA2zQIm0PVV49QKUdaXof6/EPy7A50H5Ibz9Tui1+hopAJ1 root@ubuntu-xenial
-----END SSH HOST KEY KEYS-----
[   47.510258] cloud-init[1405]: Cloud-init v. 17.1 running 'modules:final' at Sun, 07 Jan 2018 14:06:37 +0000. Up 47.24 seconds.
[   47.510472] cloud-init[1405]: ci-info: no authorized ssh keys fingerprints found for user ubuntu.
[   47.510589] cloud-init[1405]: Cloud-init v. 17.1 finished at Sun, 07 Jan 2018 14:06:37 +0000. Datasource DataSourceNoCloud [seed=/dev/sdb][dsmode=net].  Up 47.50 seconds

Ubuntu 16.04.3 LTS ubuntu-xenial ttyS0

ubuntu-xenial login: 